<!DOCTYPE HTML PUBLIC "-//W3C//DTD HTML 4.01 Transitional//EN" "http://www.w3.org/TR/html4/loose.dtd">
<html>
<head>
<title>Log4J Log Messages</title>
<style type="text/css">
<!--
body, table {font-family: arial,sans-serif; font-size: x-small;}
th {background: #336699; color: #FFFFFF; text-align: left;}
-->
</style>
</head>
<body bgcolor="#FFFFFF" topmargin="6" leftmargin="6">
<hr size="1" noshade>
Log session start time Sun Jan 19 21:43:34 IST 2025<br>
<br>
<table cellspacing="0" cellpadding="4" border="1" bordercolor="#224466" width="100%">
<tr>
<th>Time</th>
<th>Thread</th>
<th>Level</th>
<th>Category</th>
<th>Message</th>
</tr>

<tr>
<td>0</td>
<td title="main thread">main</td>
<td title="Level"><font color="#339933">DEBUG</font></td>
<td title="com.log4j.app.Product5 category">com.log4j.app.Product5</td>
<td title="Message">DEBUG priority method is used to print message with data or print final result like : Mohit id :101</td>
</tr>

<tr>
<td>3</td>
<td title="main thread">main</td>
<td title="Level">INFO</td>
<td title="com.log4j.app.Product5 category">com.log4j.app.Product5</td>
<td title="Message">INFO priority method is used to print simple message like connection create, email sent...etc</td>
</tr>

<tr>
<td>3</td>
<td title="main thread">main</td>
<td title="Level"><font color="#993300"><strong>WARN</strong></font></td>
<td title="com.log4j.app.Product5 category">com.log4j.app.Product5</td>
<td title="Message">WARN priority method is used to print Warning message like resource not close, local variable not used...etc</td>
</tr>

<tr>
<td>3</td>
<td title="main thread">main</td>
<td title="Level"><font color="#993300"><strong>ERROR</strong></font></td>
<td title="com.log4j.app.Product5 category">com.log4j.app.Product5</td>
<td title="Message">ERROR priority method is used to print exception message like : nullpointerexception, arrayIndex...etc</td>
</tr>

<tr>
<td>3</td>
<td title="main thread">main</td>
<td title="Level"><font color="#993300"><strong>FATAL</strong></font></td>
<td title="com.log4j.app.Product5 category">com.log4j.app.Product5</td>
<td title="Message">FATAL priority method is used to print high level problem like : server down, network break...etc</td>
</tr>
